app/build/outputs/apk/manifest-merger-debug-report.txt
-- Merging decision tree log ---
manifest
ADDED from AndroidManifest.xml:2:1
	xmlns:android
		ADDED from AndroidManifest.xml:2:11
	package
		ADDED from AndroidManifest.xml:3:11
		INJECTED from AndroidManifest.xml:0:0
		INJECTED from AndroidManifest.xml:0:0
	android:versionName
		ADDED from AndroidManifest.xml:5:11
	android:versionCode
		ADDED from AndroidManifest.xml:4:11
		INJECTED from AndroidManifest.xml:0:0
		INJECTED from AndroidManifest.xml:0:0
uses-permission#android.permission.INTERNET
ADDED from AndroidManifest.xml:6:5
	android:name
		ADDED from AndroidManifest.xml:6:22
uses-permission#android.permission.ACCESS_NETWORK_STATE
ADDED from AndroidManifest.xml:7:5
	android:name
		ADDED from AndroidManifest.xml:7:22
application
ADDED from AndroidManifest.xml:8:5
	android:icon
		ADDED from AndroidManifest.xml:9:18
	android:theme
		ADDED from AndroidManifest.xml:8:18
activity#com.josetomas.client.activities.SplashScreen
ADDED from AndroidManifest.xml:10:9
	android:screenOrientation
		ADDED from AndroidManifest.xml:12:19
	android:noHistory
		ADDED from AndroidManifest.xml:13:19
	android:configChanges
		ADDED from AndroidManifest.xml:11:19
	android:name
		ADDED from AndroidManifest.xml:10:19
intent-filter#android.intent.action.MAIN+android.intent.category.LAUNCHER
ADDED from AndroidManifest.xml:14:13
action#android.intent.action.MAIN
ADDED from AndroidManifest.xml:15:17
	android:name
		ADDED from AndroidManifest.xml:15:25
category#android.intent.category.LAUNCHER
ADDED from AndroidManifest.xml:16:17
	android:name
		ADDED from AndroidManifest.xml:16:27
service#com.josetomas.client.network.SocketService
ADDED from AndroidManifest.xml:19:9
	android:name
		ADDED from AndroidManifest.xml:19:18
activity#com.josetomas.client.activities.MClient
ADDED from AndroidManifest.xml:20:9
	android:noHistory
		ADDED from AndroidManifest.xml:22:19
	android:label
		ADDED from AndroidManifest.xml:21:19
	android:name
		ADDED from AndroidManifest.xml:20:19
activity#com.josetomas.client.activities.toolbarActivities.SkinSelector
ADDED from AndroidManifest.xml:23:9
	android:noHistory
		ADDED from AndroidManifest.xml:25:19
	android:label
		ADDED from AndroidManifest.xml:24:19
	android:theme
		ADDED from AndroidManifest.xml:26:19
	android:name
		ADDED from AndroidManifest.xml:23:19
activity#com.josetomas.client.activities.Options
ADDED from AndroidManifest.xml:27:9
	android:noHistory
		ADDED from AndroidManifest.xml:29:19
	android:label
		ADDED from AndroidManifest.xml:28:19
	android:theme
		ADDED from AndroidManifest.xml:30:19
	android:name
		ADDED from AndroidManifest.xml:27:19
activity#com.josetomas.client.activities.ValidatePassword
ADDED from AndroidManifest.xml:31:9
	android:noHistory
		ADDED from AndroidManifest.xml:34:19
	android:label
		ADDED from AndroidManifest.xml:32:19
	android:theme
		ADDED from AndroidManifest.xml:33:19
	android:name
		ADDED from AndroidManifest.xml:31:19
activity#com.josetomas.client.activities.toolbarActivities.MousePad
ADDED from AndroidManifest.xml:35:9
	android:name
		ADDED from AndroidManifest.xml:35:19
activity#com.josetomas.client.activities.ChangeName
ADDED from AndroidManifest.xml:36:9
	android:noHistory
		ADDED from AndroidManifest.xml:38:19
	android:theme
		ADDED from AndroidManifest.xml:37:19
	android:name
		ADDED from AndroidManifest.xml:36:19
activity#com.josetomas.client.activities.toolbarActivities.Custom
ADDED from AndroidManifest.xml:39:9
	android:name
		ADDED from AndroidManifest.xml:39:19
activity#com.josetomas.client.activities.toolbarActivities.Media
ADDED from AndroidManifest.xml:40:9
	android:name
		ADDED from AndroidManifest.xml:40:19
activity#com.josetomas.client.activities.toolbarActivities.Presentation
ADDED from AndroidManifest.xml:41:9
	android:screenOrientation
		ADDED from AndroidManifest.xml:43:19
	android:configChanges
		ADDED from AndroidManifest.xml:42:19
	android:name
		ADDED from AndroidManifest.xml:41:19
activity#com.josetomas.client.activities.toolbarActivities.GameControl
ADDED from AndroidManifest.xml:44:9
	android:screenOrientation
		ADDED from AndroidManifest.xml:46:19
	android:configChanges
		ADDED from AndroidManifest.xml:45:19
	android:name
		ADDED from AndroidManifest.xml:44:19